<?xml version="1.0" encoding="UTF-8"?>
<!-- Generated by org.testng.reporters.JUnitXMLReporter -->
<testsuite ignored="1" hostname="LAPTOP-J48I264D" failures="0" tests="3" name="Test" time="0.05" errors="0" timestamp="2022-10-20T21:11:34 IST">
  <testcase classname="com.testng.selenium.java.Groups" name="test1" time="0.01"/>
  <testcase classname="com.testng.selenium.java.Groups" name="test2" time="0.001"/>
  <testcase classname="com.testng.selenium.java.Groups" name="test3" time="0.001"/>
  <testcase classname="com.testng.selenium.java.Groups" name="test4" time="0.0">
    <ignored/>
  </testcase> <!-- test4 -->
</testsuite> <!-- Test -->
